Wed May 02 21:15:01 GMT-03:00 2012 Thread[main,5,main] Cleanup action starting
java.sql.SQLException: Database 'memory:example' not found.
	at org.apache.derby.impl.jdbc.SQLExceptionFactory40.getSQLException(Unknown Source)
	at org.apache.derby.impl.jdbc.Util.newEmbedSQLException(Unknown Source)
	at org.apache.derby.impl.jdbc.Util.newEmbedSQLException(Unknown Source)
	at org.apache.derby.impl.jdbc.Util.generateCsSQLException(Unknown Source)
	at org.apache.derby.impl.jdbc.EmbedConnection.newSQLException(Unknown Source)
	at org.apache.derby.impl.jdbc.EmbedConnection.handleDBNotFound(Unknown Source)
	at org.apache.derby.impl.jdbc.EmbedConnection.<init>(Unknown Source)
	at org.apache.derby.impl.jdbc.EmbedConnection30.<init>(Unknown Source)
	at org.apache.derby.impl.jdbc.EmbedConnection40.<init>(Unknown Source)
	at org.apache.derby.jdbc.Driver40.getNewEmbedConnection(Unknown Source)
	at org.apache.derby.jdbc.InternalDriver.connect(Unknown Source)
	at org.apache.derby.jdbc.AutoloadedDriver.connect(Unknown Source)
	at java.sql.DriverManager.getConnection(DriverManager.java:582)
	at java.sql.DriverManager.getConnection(DriverManager.java:154)
	at org.enhydra.jdbc.standard.StandardDataSource.getConnection(StandardDataSource.java:206)
	at org.enhydra.jdbc.standard.StandardDataSource.getConnection(StandardDataSource.java:144)
	at org.mule.transport.jdbc.JdbcConnector.getConnection(JdbcConnector.java:243)
	at com.mulesoft.mule.transport.jdbc.sqlstrategy.SelectSqlStatementStrategy.executeStatement(SelectSqlStatementStrategy.java:66)
	at org.mule.transport.jdbc.JdbcMessageDispatcher.doSend(JdbcMessageDispatcher.java:66)
	at org.mule.transport.AbstractMessageDispatcher.process(AbstractMessageDispatcher.java:81)
	at org.mule.transport.AbstractConnector$DispatcherMessageProcessor.process(AbstractConnector.java:2553)
	at org.mule.processor.chain.DefaultMessageProcessorChain.doProcess(DefaultMessageProcessorChain.java:99)
	at org.mule.processor.chain.AbstractMessageProcessorChain.process(AbstractMessageProcessorChain.java:66)
	at org.mule.processor.AbstractInterceptingMessageProcessorBase.processNext(AbstractInterceptingMessageProcessorBase.java:105)
	at org.mule.endpoint.outbound.OutboundResponsePropertiesMessageProcessor.process(OutboundResponsePropertiesMessageProcessor.java:39)
	at org.mule.processor.chain.DefaultMessageProcessorChain.doProcess(DefaultMessageProcessorChain.java:99)
	at org.mule.processor.chain.AbstractMessageProcessorChain.process(AbstractMessageProcessorChain.java:66)
	at org.mule.processor.AbstractInterceptingMessageProcessorBase.processNext(AbstractInterceptingMessageProcessorBase.java:105)
	at org.mule.processor.TransactionalInterceptingMessageProcessor$1.doInTransaction(TransactionalInterceptingMessageProcessor.java:49)
	at org.mule.processor.TransactionalInterceptingMessageProcessor$1.doInTransaction(TransactionalInterceptingMessageProcessor.java:46)
	at org.mule.transaction.TransactionTemplate.execute(TransactionTemplate.java:45)
	at org.mule.processor.TransactionalInterceptingMessageProcessor.process(TransactionalInterceptingMessageProcessor.java:55)
	at org.mule.processor.AbstractInterceptingMessageProcessorBase.processNext(AbstractInterceptingMessageProcessorBase.java:105)
	at org.mule.processor.AbstractFilteringMessageProcessor.process(AbstractFilteringMessageProcessor.java:44)
	at org.mule.processor.chain.DefaultMessageProcessorChain.doProcess(DefaultMessageProcessorChain.java:99)
	at org.mule.processor.chain.AbstractMessageProcessorChain.process(AbstractMessageProcessorChain.java:66)
	at org.mule.processor.chain.InterceptingChainLifecycleWrapper.doProcess(InterceptingChainLifecycleWrapper.java:56)
	at org.mule.processor.chain.AbstractMessageProcessorChain.process(AbstractMessageProcessorChain.java:66)
	at org.mule.processor.chain.InterceptingChainLifecycleWrapper.process(InterceptingChainLifecycleWrapper.java:87)
	at org.mule.processor.chain.DefaultMessageProcessorChain.doProcess(DefaultMessageProcessorChain.java:99)
	at org.mule.processor.chain.AbstractMessageProcessorChain.process(AbstractMessageProcessorChain.java:66)
	at org.mule.processor.chain.InterceptingChainLifecycleWrapper.doProcess(InterceptingChainLifecycleWrapper.java:56)
	at org.mule.processor.chain.AbstractMessageProcessorChain.process(AbstractMessageProcessorChain.java:66)
	at org.mule.processor.chain.InterceptingChainLifecycleWrapper.process(InterceptingChainLifecycleWrapper.java:87)
	at org.mule.endpoint.DefaultOutboundEndpoint.process(DefaultOutboundEndpoint.java:95)
	at org.mule.processor.chain.DefaultMessageProcessorChain.doProcess(DefaultMessageProcessorChain.java:99)
	at org.mule.processor.chain.AbstractMessageProcessorChain.process(AbstractMessageProcessorChain.java:66)
	at org.mule.processor.chain.InterceptingChainLifecycleWrapper.doProcess(InterceptingChainLifecycleWrapper.java:56)
	at org.mule.processor.chain.AbstractMessageProcessorChain.process(AbstractMessageProcessorChain.java:66)
	at org.mule.processor.chain.InterceptingChainLifecycleWrapper.process(InterceptingChainLifecycleWrapper.java:87)
	at org.mule.api.processor.MessageProcessors$LifecyleAwareMessageProcessorWrapper.process(MessageProcessors.java:114)
	at org.mule.enricher.MessageEnricher.process(MessageEnricher.java:36)
	at org.mule.processor.chain.DefaultMessageProcessorChain.doProcess(DefaultMessageProcessorChain.java:99)
	at org.mule.processor.chain.AbstractMessageProcessorChain.process(AbstractMessageProcessorChain.java:66)
	at org.mule.processor.chain.InterceptingChainLifecycleWrapper.doProcess(InterceptingChainLifecycleWrapper.java:56)
	at org.mule.processor.chain.AbstractMessageProcessorChain.process(AbstractMessageProcessorChain.java:66)
	at org.mule.processor.chain.InterceptingChainLifecycleWrapper.process(InterceptingChainLifecycleWrapper.java:87)
	at org.mule.api.processor.MessageProcessors$LifecyleAwareMessageProcessorWrapper.process(MessageProcessors.java:114)
	at org.mule.processor.chain.DefaultMessageProcessorChain.doProcess(DefaultMessageProcessorChain.java:99)
	at org.mule.processor.chain.AbstractMessageProcessorChain.process(AbstractMessageProcessorChain.java:66)
	at org.mule.processor.AbstractInterceptingMessageProcessorBase.processNext(AbstractInterceptingMessageProcessorBase.java:105)
	at org.mule.processor.AsyncInterceptingMessageProcessor.process(AsyncInterceptingMessageProcessor.java:90)
	at org.mule.processor.chain.DefaultMessageProcessorChain.doProcess(DefaultMessageProcessorChain.java:99)
	at org.mule.processor.chain.AbstractMessageProcessorChain.process(AbstractMessageProcessorChain.java:66)
	at org.mule.processor.AbstractInterceptingMessageProcessorBase.processNext(AbstractInterceptingMessageProcessorBase.java:105)
	at org.mule.interceptor.AbstractEnvelopeInterceptor.process(AbstractEnvelopeInterceptor.java:55)
	at org.mule.processor.AbstractInterceptingMessageProcessorBase.processNext(AbstractInterceptingMessageProcessorBase.java:105)
	at org.mule.processor.AbstractFilteringMessageProcessor.process(AbstractFilteringMessageProcessor.java:44)
	at org.mule.processor.chain.DefaultMessageProcessorChain.doProcess(DefaultMessageProcessorChain.java:99)
	at org.mule.processor.chain.AbstractMessageProcessorChain.process(AbstractMessageProcessorChain.java:66)
	at org.mule.processor.chain.InterceptingChainLifecycleWrapper.doProcess(InterceptingChainLifecycleWrapper.java:56)
	at org.mule.processor.chain.AbstractMessageProcessorChain.process(AbstractMessageProcessorChain.java:66)
	at org.mule.processor.chain.InterceptingChainLifecycleWrapper.process(InterceptingChainLifecycleWrapper.java:87)
	at org.mule.construct.Flow.process(Flow.java:64)
	at org.mule.munit.MuleSuiteRunner$MuleTest.runTest(MuleSuiteRunner.java:263)
	at junit.framework.TestCase.runBare(TestCase.java:134)
	at junit.framework.TestResult$1.protect(TestResult.java:110)
	at junit.framework.TestResult.runProtected(TestResult.java:128)
	at junit.framework.TestResult.run(TestResult.java:113)
	at junit.framework.TestCase.run(TestCase.java:124)
	at junit.framework.TestSuite.runTest(TestSuite.java:243)
	at junit.framework.TestSuite.run(TestSuite.java:238)
	at org.mule.munit.MuleSuiteRunner.run(MuleSuiteRunner.java:97)
	at org.junit.runner.JUnitCore.run(JUnitCore.java:157)
	at org.mule.MUnitMojo.executeTests(MUnitMojo.java:116)
	at org.mule.MUnitMojo.execute(MUnitMojo.java:85)
	at org.apache.maven.plugin.DefaultBuildPluginManager.executeMojo(DefaultBuildPluginManager.java:101)
	at org.apache.maven.lifecycle.internal.MojoExecutor.execute(MojoExecutor.java:209)
	at org.apache.maven.lifecycle.internal.MojoExecutor.execute(MojoExecutor.java:153)
	at org.apache.maven.lifecycle.internal.MojoExecutor.execute(MojoExecutor.java:145)
	at org.apache.maven.lifecycle.internal.LifecycleModuleBuilder.buildProject(LifecycleModuleBuilder.java:84)
	at org.apache.maven.lifecycle.internal.LifecycleModuleBuilder.buildProject(LifecycleModuleBuilder.java:59)
	at org.apache.maven.lifecycle.internal.LifecycleStarter.singleThreadedBuild(LifecycleStarter.java:183)
	at org.apache.maven.lifecycle.internal.LifecycleStarter.execute(LifecycleStarter.java:161)
	at org.apache.maven.DefaultMaven.doExecute(DefaultMaven.java:319)
	at org.apache.maven.DefaultMaven.execute(DefaultMaven.java:156)
	at org.apache.maven.cli.MavenCli.execute(MavenCli.java:537)
	at org.apache.maven.cli.MavenCli.doMain(MavenCli.java:196)
	at org.apache.maven.cli.MavenCli.main(MavenCli.java:141)
	at sun.reflect.NativeMethodAccessorImpl.invoke0(Native Method)
	at sun.reflect.NativeMethodAccessorImpl.invoke(NativeMethodAccessorImpl.java:39)
	at sun.reflect.DelegatingMethodAccessorImpl.invoke(DelegatingMethodAccessorImpl.java:25)
	at java.lang.reflect.Method.invoke(Method.java:597)
	at org.codehaus.plexus.classworlds.launcher.Launcher.launchEnhanced(Launcher.java:290)
	at org.codehaus.plexus.classworlds.launcher.Launcher.launch(Launcher.java:230)
	at org.codehaus.plexus.classworlds.launcher.Launcher.mainWithExitCode(Launcher.java:409)
	at org.codehaus.plexus.classworlds.launcher.Launcher.main(Launcher.java:352)
Caused by: java.sql.SQLException: Database 'memory:example' not found.
	at org.apache.derby.impl.jdbc.SQLExceptionFactory.getSQLException(Unknown Source)
	at org.apache.derby.impl.jdbc.SQLExceptionFactory40.wrapArgsForTransportAcrossDRDA(Unknown Source)
	... 107 more
============= begin nested exception, level (1) ===========
java.sql.SQLException: Database 'memory:example' not found.
	at org.apache.derby.impl.jdbc.SQLExceptionFactory.getSQLException(Unknown Source)
	at org.apache.derby.impl.jdbc.SQLExceptionFactory40.wrapArgsForTransportAcrossDRDA(Unknown Source)
	at org.apache.derby.impl.jdbc.SQLExceptionFactory40.getSQLException(Unknown Source)
	at org.apache.derby.impl.jdbc.Util.newEmbedSQLException(Unknown Source)
	at org.apache.derby.impl.jdbc.Util.newEmbedSQLException(Unknown Source)
	at org.apache.derby.impl.jdbc.Util.generateCsSQLException(Unknown Source)
	at org.apache.derby.impl.jdbc.EmbedConnection.newSQLException(Unknown Source)
	at org.apache.derby.impl.jdbc.EmbedConnection.handleDBNotFound(Unknown Source)
	at org.apache.derby.impl.jdbc.EmbedConnection.<init>(Unknown Source)
	at org.apache.derby.impl.jdbc.EmbedConnection30.<init>(Unknown Source)
	at org.apache.derby.impl.jdbc.EmbedConnection40.<init>(Unknown Source)
	at org.apache.derby.jdbc.Driver40.getNewEmbedConnection(Unknown Source)
	at org.apache.derby.jdbc.InternalDriver.connect(Unknown Source)
	at org.apache.derby.jdbc.AutoloadedDriver.connect(Unknown Source)
	at java.sql.DriverManager.getConnection(DriverManager.java:582)
	at java.sql.DriverManager.getConnection(DriverManager.java:154)
	at org.enhydra.jdbc.standard.StandardDataSource.getConnection(StandardDataSource.java:206)
	at org.enhydra.jdbc.standard.StandardDataSource.getConnection(StandardDataSource.java:144)
	at org.mule.transport.jdbc.JdbcConnector.getConnection(JdbcConnector.java:243)
	at com.mulesoft.mule.transport.jdbc.sqlstrategy.SelectSqlStatementStrategy.executeStatement(SelectSqlStatementStrategy.java:66)
	at org.mule.transport.jdbc.JdbcMessageDispatcher.doSend(JdbcMessageDispatcher.java:66)
	at org.mule.transport.AbstractMessageDispatcher.process(AbstractMessageDispatcher.java:81)
	at org.mule.transport.AbstractConnector$DispatcherMessageProcessor.process(AbstractConnector.java:2553)
	at org.mule.processor.chain.DefaultMessageProcessorChain.doProcess(DefaultMessageProcessorChain.java:99)
	at org.mule.processor.chain.AbstractMessageProcessorChain.process(AbstractMessageProcessorChain.java:66)
	at org.mule.processor.AbstractInterceptingMessageProcessorBase.processNext(AbstractInterceptingMessageProcessorBase.java:105)
	at org.mule.endpoint.outbound.OutboundResponsePropertiesMessageProcessor.process(OutboundResponsePropertiesMessageProcessor.java:39)
	at org.mule.processor.chain.DefaultMessageProcessorChain.doProcess(DefaultMessageProcessorChain.java:99)
	at org.mule.processor.chain.AbstractMessageProcessorChain.process(AbstractMessageProcessorChain.java:66)
	at org.mule.processor.AbstractInterceptingMessageProcessorBase.processNext(AbstractInterceptingMessageProcessorBase.java:105)
	at org.mule.processor.TransactionalInterceptingMessageProcessor$1.doInTransaction(TransactionalInterceptingMessageProcessor.java:49)
	at org.mule.processor.TransactionalInterceptingMessageProcessor$1.doInTransaction(TransactionalInterceptingMessageProcessor.java:46)
	at org.mule.transaction.TransactionTemplate.execute(TransactionTemplate.java:45)
	at org.mule.processor.TransactionalInterceptingMessageProcessor.process(TransactionalInterceptingMessageProcessor.java:55)
	at org.mule.processor.AbstractInterceptingMessageProcessorBase.processNext(AbstractInterceptingMessageProcessorBase.java:105)
	at org.mule.processor.AbstractFilteringMessageProcessor.process(AbstractFilteringMessageProcessor.java:44)
	at org.mule.processor.chain.DefaultMessageProcessorChain.doProcess(DefaultMessageProcessorChain.java:99)
	at org.mule.processor.chain.AbstractMessageProcessorChain.process(AbstractMessageProcessorChain.java:66)
	at org.mule.processor.chain.InterceptingChainLifecycleWrapper.doProcess(InterceptingChainLifecycleWrapper.java:56)
	at org.mule.processor.chain.AbstractMessageProcessorChain.process(AbstractMessageProcessorChain.java:66)
	at org.mule.processor.chain.InterceptingChainLifecycleWrapper.process(InterceptingChainLifecycleWrapper.java:87)
	at org.mule.processor.chain.DefaultMessageProcessorChain.doProcess(DefaultMessageProcessorChain.java:99)
	at org.mule.processor.chain.AbstractMessageProcessorChain.process(AbstractMessageProcessorChain.java:66)
	at org.mule.processor.chain.InterceptingChainLifecycleWrapper.doProcess(InterceptingChainLifecycleWrapper.java:56)
	at org.mule.processor.chain.AbstractMessageProcessorChain.process(AbstractMessageProcessorChain.java:66)
	at org.mule.processor.chain.InterceptingChainLifecycleWrapper.process(InterceptingChainLifecycleWrapper.java:87)
	at org.mule.endpoint.DefaultOutboundEndpoint.process(DefaultOutboundEndpoint.java:95)
	at org.mule.processor.chain.DefaultMessageProcessorChain.doProcess(DefaultMessageProcessorChain.java:99)
	at org.mule.processor.chain.AbstractMessageProcessorChain.process(AbstractMessageProcessorChain.java:66)
	at org.mule.processor.chain.InterceptingChainLifecycleWrapper.doProcess(InterceptingChainLifecycleWrapper.java:56)
	at org.mule.processor.chain.AbstractMessageProcessorChain.process(AbstractMessageProcessorChain.java:66)
	at org.mule.processor.chain.InterceptingChainLifecycleWrapper.process(InterceptingChainLifecycleWrapper.java:87)
	at org.mule.api.processor.MessageProcessors$LifecyleAwareMessageProcessorWrapper.process(MessageProcessors.java:114)
	at org.mule.enricher.MessageEnricher.process(MessageEnricher.java:36)
	at org.mule.processor.chain.DefaultMessageProcessorChain.doProcess(DefaultMessageProcessorChain.java:99)
	at org.mule.processor.chain.AbstractMessageProcessorChain.process(AbstractMessageProcessorChain.java:66)
	at org.mule.processor.chain.InterceptingChainLifecycleWrapper.doProcess(InterceptingChainLifecycleWrapper.java:56)
	at org.mule.processor.chain.AbstractMessageProcessorChain.process(AbstractMessageProcessorChain.java:66)
	at org.mule.processor.chain.InterceptingChainLifecycleWrapper.process(InterceptingChainLifecycleWrapper.java:87)
	at org.mule.api.processor.MessageProcessors$LifecyleAwareMessageProcessorWrapper.process(MessageProcessors.java:114)
	at org.mule.processor.chain.DefaultMessageProcessorChain.doProcess(DefaultMessageProcessorChain.java:99)
	at org.mule.processor.chain.AbstractMessageProcessorChain.process(AbstractMessageProcessorChain.java:66)
	at org.mule.processor.AbstractInterceptingMessageProcessorBase.processNext(AbstractInterceptingMessageProcessorBase.java:105)
	at org.mule.processor.AsyncInterceptingMessageProcessor.process(AsyncInterceptingMessageProcessor.java:90)
	at org.mule.processor.chain.DefaultMessageProcessorChain.doProcess(DefaultMessageProcessorChain.java:99)
	at org.mule.processor.chain.AbstractMessageProcessorChain.process(AbstractMessageProcessorChain.java:66)
	at org.mule.processor.AbstractInterceptingMessageProcessorBase.processNext(AbstractInterceptingMessageProcessorBase.java:105)
	at org.mule.interceptor.AbstractEnvelopeInterceptor.process(AbstractEnvelopeInterceptor.java:55)
	at org.mule.processor.AbstractInterceptingMessageProcessorBase.processNext(AbstractInterceptingMessageProcessorBase.java:105)
	at org.mule.processor.AbstractFilteringMessageProcessor.process(AbstractFilteringMessageProcessor.java:44)
	at org.mule.processor.chain.DefaultMessageProcessorChain.doProcess(DefaultMessageProcessorChain.java:99)
	at org.mule.processor.chain.AbstractMessageProcessorChain.process(AbstractMessageProcessorChain.java:66)
	at org.mule.processor.chain.InterceptingChainLifecycleWrapper.doProcess(InterceptingChainLifecycleWrapper.java:56)
	at org.mule.processor.chain.AbstractMessageProcessorChain.process(AbstractMessageProcessorChain.java:66)
	at org.mule.processor.chain.InterceptingChainLifecycleWrapper.process(InterceptingChainLifecycleWrapper.java:87)
	at org.mule.construct.Flow.process(Flow.java:64)
	at org.mule.munit.MuleSuiteRunner$MuleTest.runTest(MuleSuiteRunner.java:263)
	at junit.framework.TestCase.runBare(TestCase.java:134)
	at junit.framework.TestResult$1.protect(TestResult.java:110)
	at junit.framework.TestResult.runProtected(TestResult.java:128)
	at junit.framework.TestResult.run(TestResult.java:113)
	at junit.framework.TestCase.run(TestCase.java:124)
	at junit.framework.TestSuite.runTest(TestSuite.java:243)
	at junit.framework.TestSuite.run(TestSuite.java:238)
	at org.mule.munit.MuleSuiteRunner.run(MuleSuiteRunner.java:97)
	at org.junit.runner.JUnitCore.run(JUnitCore.java:157)
	at org.mule.MUnitMojo.executeTests(MUnitMojo.java:116)
	at org.mule.MUnitMojo.execute(MUnitMojo.java:85)
	at org.apache.maven.plugin.DefaultBuildPluginManager.executeMojo(DefaultBuildPluginManager.java:101)
	at org.apache.maven.lifecycle.internal.MojoExecutor.execute(MojoExecutor.java:209)
	at org.apache.maven.lifecycle.internal.MojoExecutor.execute(MojoExecutor.java:153)
	at org.apache.maven.lifecycle.internal.MojoExecutor.execute(MojoExecutor.java:145)
	at org.apache.maven.lifecycle.internal.LifecycleModuleBuilder.buildProject(LifecycleModuleBuilder.java:84)
	at org.apache.maven.lifecycle.internal.LifecycleModuleBuilder.buildProject(LifecycleModuleBuilder.java:59)
	at org.apache.maven.lifecycle.internal.LifecycleStarter.singleThreadedBuild(LifecycleStarter.java:183)
	at org.apache.maven.lifecycle.internal.LifecycleStarter.execute(LifecycleStarter.java:161)
	at org.apache.maven.DefaultMaven.doExecute(DefaultMaven.java:319)
	at org.apache.maven.DefaultMaven.execute(DefaultMaven.java:156)
	at org.apache.maven.cli.MavenCli.execute(MavenCli.java:537)
	at org.apache.maven.cli.MavenCli.doMain(MavenCli.java:196)
	at org.apache.maven.cli.MavenCli.main(MavenCli.java:141)
	at sun.reflect.NativeMethodAccessorImpl.invoke0(Native Method)
	at sun.reflect.NativeMethodAccessorImpl.invoke(NativeMethodAccessorImpl.java:39)
	at sun.reflect.DelegatingMethodAccessorImpl.invoke(DelegatingMethodAccessorImpl.java:25)
	at java.lang.reflect.Method.invoke(Method.java:597)
	at org.codehaus.plexus.classworlds.launcher.Launcher.launchEnhanced(Launcher.java:290)
	at org.codehaus.plexus.classworlds.launcher.Launcher.launch(Launcher.java:230)
	at org.codehaus.plexus.classworlds.launcher.Launcher.mainWithExitCode(Launcher.java:409)
	at org.codehaus.plexus.classworlds.launcher.Launcher.main(Launcher.java:352)
============= end nested exception, level (1) ===========
Cleanup action completed
Wed May 02 21:15:01 GMT-03:00 2012 Thread[main,5,main] Cleanup action starting
java.sql.SQLException: Database 'memory:example' not found.
	at org.apache.derby.impl.jdbc.SQLExceptionFactory40.getSQLException(Unknown Source)
	at org.apache.derby.impl.jdbc.Util.newEmbedSQLException(Unknown Source)
	at org.apache.derby.impl.jdbc.Util.newEmbedSQLException(Unknown Source)
	at org.apache.derby.impl.jdbc.Util.generateCsSQLException(Unknown Source)
	at org.apache.derby.impl.jdbc.EmbedConnection.newSQLException(Unknown Source)
	at org.apache.derby.impl.jdbc.EmbedConnection.handleDBNotFound(Unknown Source)
	at org.apache.derby.impl.jdbc.EmbedConnection.<init>(Unknown Source)
	at org.apache.derby.impl.jdbc.EmbedConnection30.<init>(Unknown Source)
	at org.apache.derby.impl.jdbc.EmbedConnection40.<init>(Unknown Source)
	at org.apache.derby.jdbc.Driver40.getNewEmbedConnection(Unknown Source)
	at org.apache.derby.jdbc.InternalDriver.connect(Unknown Source)
	at org.apache.derby.jdbc.AutoloadedDriver.connect(Unknown Source)
	at java.sql.DriverManager.getConnection(DriverManager.java:582)
	at java.sql.DriverManager.getConnection(DriverManager.java:154)
	at org.enhydra.jdbc.standard.StandardDataSource.getConnection(StandardDataSource.java:206)
	at org.enhydra.jdbc.standard.StandardDataSource.getConnection(StandardDataSource.java:144)
	at org.mule.transport.jdbc.JdbcConnector.getConnection(JdbcConnector.java:243)
	at com.mulesoft.mule.transport.jdbc.sqlstrategy.SelectSqlStatementStrategy.executeStatement(SelectSqlStatementStrategy.java:66)
	at org.mule.transport.jdbc.JdbcMessageDispatcher.doSend(JdbcMessageDispatcher.java:66)
	at org.mule.transport.AbstractMessageDispatcher.process(AbstractMessageDispatcher.java:81)
	at org.mule.transport.AbstractConnector$DispatcherMessageProcessor.process(AbstractConnector.java:2553)
	at org.mule.processor.chain.DefaultMessageProcessorChain.doProcess(DefaultMessageProcessorChain.java:99)
	at org.mule.processor.chain.AbstractMessageProcessorChain.process(AbstractMessageProcessorChain.java:66)
	at org.mule.processor.AbstractInterceptingMessageProcessorBase.processNext(AbstractInterceptingMessageProcessorBase.java:105)
	at org.mule.endpoint.outbound.OutboundResponsePropertiesMessageProcessor.process(OutboundResponsePropertiesMessageProcessor.java:39)
	at org.mule.processor.chain.DefaultMessageProcessorChain.doProcess(DefaultMessageProcessorChain.java:99)
	at org.mule.processor.chain.AbstractMessageProcessorChain.process(AbstractMessageProcessorChain.java:66)
	at org.mule.processor.AbstractInterceptingMessageProcessorBase.processNext(AbstractInterceptingMessageProcessorBase.java:105)
	at org.mule.processor.TransactionalInterceptingMessageProcessor$1.doInTransaction(TransactionalInterceptingMessageProcessor.java:49)
	at org.mule.processor.TransactionalInterceptingMessageProcessor$1.doInTransaction(TransactionalInterceptingMessageProcessor.java:46)
	at org.mule.transaction.TransactionTemplate.execute(TransactionTemplate.java:45)
	at org.mule.processor.TransactionalInterceptingMessageProcessor.process(TransactionalInterceptingMessageProcessor.java:55)
	at org.mule.processor.AbstractInterceptingMessageProcessorBase.processNext(AbstractInterceptingMessageProcessorBase.java:105)
	at org.mule.processor.AbstractFilteringMessageProcessor.process(AbstractFilteringMessageProcessor.java:44)
	at org.mule.processor.chain.DefaultMessageProcessorChain.doProcess(DefaultMessageProcessorChain.java:99)
	at org.mule.processor.chain.AbstractMessageProcessorChain.process(AbstractMessageProcessorChain.java:66)
	at org.mule.processor.chain.InterceptingChainLifecycleWrapper.doProcess(InterceptingChainLifecycleWrapper.java:56)
	at org.mule.processor.chain.AbstractMessageProcessorChain.process(AbstractMessageProcessorChain.java:66)
	at org.mule.processor.chain.InterceptingChainLifecycleWrapper.process(InterceptingChainLifecycleWrapper.java:87)
	at org.mule.processor.chain.DefaultMessageProcessorChain.doProcess(DefaultMessageProcessorChain.java:99)
	at org.mule.processor.chain.AbstractMessageProcessorChain.process(AbstractMessageProcessorChain.java:66)
	at org.mule.processor.chain.InterceptingChainLifecycleWrapper.doProcess(InterceptingChainLifecycleWrapper.java:56)
	at org.mule.processor.chain.AbstractMessageProcessorChain.process(AbstractMessageProcessorChain.java:66)
	at org.mule.processor.chain.InterceptingChainLifecycleWrapper.process(InterceptingChainLifecycleWrapper.java:87)
	at org.mule.endpoint.DefaultOutboundEndpoint.process(DefaultOutboundEndpoint.java:95)
	at org.mule.processor.chain.DefaultMessageProcessorChain.doProcess(DefaultMessageProcessorChain.java:99)
	at org.mule.processor.chain.AbstractMessageProcessorChain.process(AbstractMessageProcessorChain.java:66)
	at org.mule.processor.chain.InterceptingChainLifecycleWrapper.doProcess(InterceptingChainLifecycleWrapper.java:56)
	at org.mule.processor.chain.AbstractMessageProcessorChain.process(AbstractMessageProcessorChain.java:66)
	at org.mule.processor.chain.InterceptingChainLifecycleWrapper.process(InterceptingChainLifecycleWrapper.java:87)
	at org.mule.api.processor.MessageProcessors$LifecyleAwareMessageProcessorWrapper.process(MessageProcessors.java:114)
	at org.mule.enricher.MessageEnricher.process(MessageEnricher.java:36)
	at org.mule.processor.chain.DefaultMessageProcessorChain.doProcess(DefaultMessageProcessorChain.java:99)
	at org.mule.processor.chain.AbstractMessageProcessorChain.process(AbstractMessageProcessorChain.java:66)
	at org.mule.processor.chain.InterceptingChainLifecycleWrapper.doProcess(InterceptingChainLifecycleWrapper.java:56)
	at org.mule.processor.chain.AbstractMessageProcessorChain.process(AbstractMessageProcessorChain.java:66)
	at org.mule.processor.chain.InterceptingChainLifecycleWrapper.process(InterceptingChainLifecycleWrapper.java:87)
	at org.mule.api.processor.MessageProcessors$LifecyleAwareMessageProcessorWrapper.process(MessageProcessors.java:114)
	at org.mule.processor.chain.DefaultMessageProcessorChain.doProcess(DefaultMessageProcessorChain.java:99)
	at org.mule.processor.chain.AbstractMessageProcessorChain.process(AbstractMessageProcessorChain.java:66)
	at org.mule.processor.AbstractInterceptingMessageProcessorBase.processNext(AbstractInterceptingMessageProcessorBase.java:105)
	at org.mule.processor.AsyncInterceptingMessageProcessor.process(AsyncInterceptingMessageProcessor.java:90)
	at org.mule.processor.chain.DefaultMessageProcessorChain.doProcess(DefaultMessageProcessorChain.java:99)
	at org.mule.processor.chain.AbstractMessageProcessorChain.process(AbstractMessageProcessorChain.java:66)
	at org.mule.processor.AbstractInterceptingMessageProcessorBase.processNext(AbstractInterceptingMessageProcessorBase.java:105)
	at org.mule.interceptor.AbstractEnvelopeInterceptor.process(AbstractEnvelopeInterceptor.java:55)
	at org.mule.processor.AbstractInterceptingMessageProcessorBase.processNext(AbstractInterceptingMessageProcessorBase.java:105)
	at org.mule.processor.AbstractFilteringMessageProcessor.process(AbstractFilteringMessageProcessor.java:44)
	at org.mule.processor.chain.DefaultMessageProcessorChain.doProcess(DefaultMessageProcessorChain.java:99)
	at org.mule.processor.chain.AbstractMessageProcessorChain.process(AbstractMessageProcessorChain.java:66)
	at org.mule.processor.chain.InterceptingChainLifecycleWrapper.doProcess(InterceptingChainLifecycleWrapper.java:56)
	at org.mule.processor.chain.AbstractMessageProcessorChain.process(AbstractMessageProcessorChain.java:66)
	at org.mule.processor.chain.InterceptingChainLifecycleWrapper.process(InterceptingChainLifecycleWrapper.java:87)
	at org.mule.construct.Flow.process(Flow.java:64)
	at org.mule.munit.MuleSuiteRunner$MuleTest.runTest(MuleSuiteRunner.java:263)
	at junit.framework.TestCase.runBare(TestCase.java:134)
	at junit.framework.TestResult$1.protect(TestResult.java:110)
	at junit.framework.TestResult.runProtected(TestResult.java:128)
	at junit.framework.TestResult.run(TestResult.java:113)
	at junit.framework.TestCase.run(TestCase.java:124)
	at junit.framework.TestSuite.runTest(TestSuite.java:243)
	at junit.framework.TestSuite.run(TestSuite.java:238)
	at org.mule.munit.MuleSuiteRunner.run(MuleSuiteRunner.java:97)
	at org.junit.runner.JUnitCore.run(JUnitCore.java:157)
	at org.mule.MUnitMojo.executeTests(MUnitMojo.java:116)
	at org.mule.MUnitMojo.execute(MUnitMojo.java:85)
	at org.apache.maven.plugin.DefaultBuildPluginManager.executeMojo(DefaultBuildPluginManager.java:101)
	at org.apache.maven.lifecycle.internal.MojoExecutor.execute(MojoExecutor.java:209)
	at org.apache.maven.lifecycle.internal.MojoExecutor.execute(MojoExecutor.java:153)
	at org.apache.maven.lifecycle.internal.MojoExecutor.execute(MojoExecutor.java:145)
	at org.apache.maven.lifecycle.internal.LifecycleModuleBuilder.buildProject(LifecycleModuleBuilder.java:84)
	at org.apache.maven.lifecycle.internal.LifecycleModuleBuilder.buildProject(LifecycleModuleBuilder.java:59)
	at org.apache.maven.lifecycle.internal.LifecycleStarter.singleThreadedBuild(LifecycleStarter.java:183)
	at org.apache.maven.lifecycle.internal.LifecycleStarter.execute(LifecycleStarter.java:161)
	at org.apache.maven.DefaultMaven.doExecute(DefaultMaven.java:319)
	at org.apache.maven.DefaultMaven.execute(DefaultMaven.java:156)
	at org.apache.maven.cli.MavenCli.execute(MavenCli.java:537)
	at org.apache.maven.cli.MavenCli.doMain(MavenCli.java:196)
	at org.apache.maven.cli.MavenCli.main(MavenCli.java:141)
	at sun.reflect.NativeMethodAccessorImpl.invoke0(Native Method)
	at sun.reflect.NativeMethodAccessorImpl.invoke(NativeMethodAccessorImpl.java:39)
	at sun.reflect.DelegatingMethodAccessorImpl.invoke(DelegatingMethodAccessorImpl.java:25)
	at java.lang.reflect.Method.invoke(Method.java:597)
	at org.codehaus.plexus.classworlds.launcher.Launcher.launchEnhanced(Launcher.java:290)
	at org.codehaus.plexus.classworlds.launcher.Launcher.launch(Launcher.java:230)
	at org.codehaus.plexus.classworlds.launcher.Launcher.mainWithExitCode(Launcher.java:409)
	at org.codehaus.plexus.classworlds.launcher.Launcher.main(Launcher.java:352)
Caused by: java.sql.SQLException: Database 'memory:example' not found.
	at org.apache.derby.impl.jdbc.SQLExceptionFactory.getSQLException(Unknown Source)
	at org.apache.derby.impl.jdbc.SQLExceptionFactory40.wrapArgsForTransportAcrossDRDA(Unknown Source)
	... 107 more
============= begin nested exception, level (1) ===========
java.sql.SQLException: Database 'memory:example' not found.
	at org.apache.derby.impl.jdbc.SQLExceptionFactory.getSQLException(Unknown Source)
	at org.apache.derby.impl.jdbc.SQLExceptionFactory40.wrapArgsForTransportAcrossDRDA(Unknown Source)
	at org.apache.derby.impl.jdbc.SQLExceptionFactory40.getSQLException(Unknown Source)
	at org.apache.derby.impl.jdbc.Util.newEmbedSQLException(Unknown Source)
	at org.apache.derby.impl.jdbc.Util.newEmbedSQLException(Unknown Source)
	at org.apache.derby.impl.jdbc.Util.generateCsSQLException(Unknown Source)
	at org.apache.derby.impl.jdbc.EmbedConnection.newSQLException(Unknown Source)
	at org.apache.derby.impl.jdbc.EmbedConnection.handleDBNotFound(Unknown Source)
	at org.apache.derby.impl.jdbc.EmbedConnection.<init>(Unknown Source)
	at org.apache.derby.impl.jdbc.EmbedConnection30.<init>(Unknown Source)
	at org.apache.derby.impl.jdbc.EmbedConnection40.<init>(Unknown Source)
	at org.apache.derby.jdbc.Driver40.getNewEmbedConnection(Unknown Source)
	at org.apache.derby.jdbc.InternalDriver.connect(Unknown Source)
	at org.apache.derby.jdbc.AutoloadedDriver.connect(Unknown Source)
	at java.sql.DriverManager.getConnection(DriverManager.java:582)
	at java.sql.DriverManager.getConnection(DriverManager.java:154)
	at org.enhydra.jdbc.standard.StandardDataSource.getConnection(StandardDataSource.java:206)
	at org.enhydra.jdbc.standard.StandardDataSource.getConnection(StandardDataSource.java:144)
	at org.mule.transport.jdbc.JdbcConnector.getConnection(JdbcConnector.java:243)
	at com.mulesoft.mule.transport.jdbc.sqlstrategy.SelectSqlStatementStrategy.executeStatement(SelectSqlStatementStrategy.java:66)
	at org.mule.transport.jdbc.JdbcMessageDispatcher.doSend(JdbcMessageDispatcher.java:66)
	at org.mule.transport.AbstractMessageDispatcher.process(AbstractMessageDispatcher.java:81)
	at org.mule.transport.AbstractConnector$DispatcherMessageProcessor.process(AbstractConnector.java:2553)
	at org.mule.processor.chain.DefaultMessageProcessorChain.doProcess(DefaultMessageProcessorChain.java:99)
	at org.mule.processor.chain.AbstractMessageProcessorChain.process(AbstractMessageProcessorChain.java:66)
	at org.mule.processor.AbstractInterceptingMessageProcessorBase.processNext(AbstractInterceptingMessageProcessorBase.java:105)
	at org.mule.endpoint.outbound.OutboundResponsePropertiesMessageProcessor.process(OutboundResponsePropertiesMessageProcessor.java:39)
	at org.mule.processor.chain.DefaultMessageProcessorChain.doProcess(DefaultMessageProcessorChain.java:99)
	at org.mule.processor.chain.AbstractMessageProcessorChain.process(AbstractMessageProcessorChain.java:66)
	at org.mule.processor.AbstractInterceptingMessageProcessorBase.processNext(AbstractInterceptingMessageProcessorBase.java:105)
	at org.mule.processor.TransactionalInterceptingMessageProcessor$1.doInTransaction(TransactionalInterceptingMessageProcessor.java:49)
	at org.mule.processor.TransactionalInterceptingMessageProcessor$1.doInTransaction(TransactionalInterceptingMessageProcessor.java:46)
	at org.mule.transaction.TransactionTemplate.execute(TransactionTemplate.java:45)
	at org.mule.processor.TransactionalInterceptingMessageProcessor.process(TransactionalInterceptingMessageProcessor.java:55)
	at org.mule.processor.AbstractInterceptingMessageProcessorBase.processNext(AbstractInterceptingMessageProcessorBase.java:105)
	at org.mule.processor.AbstractFilteringMessageProcessor.process(AbstractFilteringMessageProcessor.java:44)
	at org.mule.processor.chain.DefaultMessageProcessorChain.doProcess(DefaultMessageProcessorChain.java:99)
	at org.mule.processor.chain.AbstractMessageProcessorChain.process(AbstractMessageProcessorChain.java:66)
	at org.mule.processor.chain.InterceptingChainLifecycleWrapper.doProcess(InterceptingChainLifecycleWrapper.java:56)
	at org.mule.processor.chain.AbstractMessageProcessorChain.process(AbstractMessageProcessorChain.java:66)
	at org.mule.processor.chain.InterceptingChainLifecycleWrapper.process(InterceptingChainLifecycleWrapper.java:87)
	at org.mule.processor.chain.DefaultMessageProcessorChain.doProcess(DefaultMessageProcessorChain.java:99)
	at org.mule.processor.chain.AbstractMessageProcessorChain.process(AbstractMessageProcessorChain.java:66)
	at org.mule.processor.chain.InterceptingChainLifecycleWrapper.doProcess(InterceptingChainLifecycleWrapper.java:56)
	at org.mule.processor.chain.AbstractMessageProcessorChain.process(AbstractMessageProcessorChain.java:66)
	at org.mule.processor.chain.InterceptingChainLifecycleWrapper.process(InterceptingChainLifecycleWrapper.java:87)
	at org.mule.endpoint.DefaultOutboundEndpoint.process(DefaultOutboundEndpoint.java:95)
	at org.mule.processor.chain.DefaultMessageProcessorChain.doProcess(DefaultMessageProcessorChain.java:99)
	at org.mule.processor.chain.AbstractMessageProcessorChain.process(AbstractMessageProcessorChain.java:66)
	at org.mule.processor.chain.InterceptingChainLifecycleWrapper.doProcess(InterceptingChainLifecycleWrapper.java:56)
	at org.mule.processor.chain.AbstractMessageProcessorChain.process(AbstractMessageProcessorChain.java:66)
	at org.mule.processor.chain.InterceptingChainLifecycleWrapper.process(InterceptingChainLifecycleWrapper.java:87)
	at org.mule.api.processor.MessageProcessors$LifecyleAwareMessageProcessorWrapper.process(MessageProcessors.java:114)
	at org.mule.enricher.MessageEnricher.process(MessageEnricher.java:36)
	at org.mule.processor.chain.DefaultMessageProcessorChain.doProcess(DefaultMessageProcessorChain.java:99)
	at org.mule.processor.chain.AbstractMessageProcessorChain.process(AbstractMessageProcessorChain.java:66)
	at org.mule.processor.chain.InterceptingChainLifecycleWrapper.doProcess(InterceptingChainLifecycleWrapper.java:56)
	at org.mule.processor.chain.AbstractMessageProcessorChain.process(AbstractMessageProcessorChain.java:66)
	at org.mule.processor.chain.InterceptingChainLifecycleWrapper.process(InterceptingChainLifecycleWrapper.java:87)
	at org.mule.api.processor.MessageProcessors$LifecyleAwareMessageProcessorWrapper.process(MessageProcessors.java:114)
	at org.mule.processor.chain.DefaultMessageProcessorChain.doProcess(DefaultMessageProcessorChain.java:99)
	at org.mule.processor.chain.AbstractMessageProcessorChain.process(AbstractMessageProcessorChain.java:66)
	at org.mule.processor.AbstractInterceptingMessageProcessorBase.processNext(AbstractInterceptingMessageProcessorBase.java:105)
	at org.mule.processor.AsyncInterceptingMessageProcessor.process(AsyncInterceptingMessageProcessor.java:90)
	at org.mule.processor.chain.DefaultMessageProcessorChain.doProcess(DefaultMessageProcessorChain.java:99)
	at org.mule.processor.chain.AbstractMessageProcessorChain.process(AbstractMessageProcessorChain.java:66)
	at org.mule.processor.AbstractInterceptingMessageProcessorBase.processNext(AbstractInterceptingMessageProcessorBase.java:105)
	at org.mule.interceptor.AbstractEnvelopeInterceptor.process(AbstractEnvelopeInterceptor.java:55)
	at org.mule.processor.AbstractInterceptingMessageProcessorBase.processNext(AbstractInterceptingMessageProcessorBase.java:105)
	at org.mule.processor.AbstractFilteringMessageProcessor.process(AbstractFilteringMessageProcessor.java:44)
	at org.mule.processor.chain.DefaultMessageProcessorChain.doProcess(DefaultMessageProcessorChain.java:99)
	at org.mule.processor.chain.AbstractMessageProcessorChain.process(AbstractMessageProcessorChain.java:66)
	at org.mule.processor.chain.InterceptingChainLifecycleWrapper.doProcess(InterceptingChainLifecycleWrapper.java:56)
	at org.mule.processor.chain.AbstractMessageProcessorChain.process(AbstractMessageProcessorChain.java:66)
	at org.mule.processor.chain.InterceptingChainLifecycleWrapper.process(InterceptingChainLifecycleWrapper.java:87)
	at org.mule.construct.Flow.process(Flow.java:64)
	at org.mule.munit.MuleSuiteRunner$MuleTest.runTest(MuleSuiteRunner.java:263)
	at junit.framework.TestCase.runBare(TestCase.java:134)
	at junit.framework.TestResult$1.protect(TestResult.java:110)
	at junit.framework.TestResult.runProtected(TestResult.java:128)
	at junit.framework.TestResult.run(TestResult.java:113)
	at junit.framework.TestCase.run(TestCase.java:124)
	at junit.framework.TestSuite.runTest(TestSuite.java:243)
	at junit.framework.TestSuite.run(TestSuite.java:238)
	at org.mule.munit.MuleSuiteRunner.run(MuleSuiteRunner.java:97)
	at org.junit.runner.JUnitCore.run(JUnitCore.java:157)
	at org.mule.MUnitMojo.executeTests(MUnitMojo.java:116)
	at org.mule.MUnitMojo.execute(MUnitMojo.java:85)
	at org.apache.maven.plugin.DefaultBuildPluginManager.executeMojo(DefaultBuildPluginManager.java:101)
	at org.apache.maven.lifecycle.internal.MojoExecutor.execute(MojoExecutor.java:209)
	at org.apache.maven.lifecycle.internal.MojoExecutor.execute(MojoExecutor.java:153)
	at org.apache.maven.lifecycle.internal.MojoExecutor.execute(MojoExecutor.java:145)
	at org.apache.maven.lifecycle.internal.LifecycleModuleBuilder.buildProject(LifecycleModuleBuilder.java:84)
	at org.apache.maven.lifecycle.internal.LifecycleModuleBuilder.buildProject(LifecycleModuleBuilder.java:59)
	at org.apache.maven.lifecycle.internal.LifecycleStarter.singleThreadedBuild(LifecycleStarter.java:183)
	at org.apache.maven.lifecycle.internal.LifecycleStarter.execute(LifecycleStarter.java:161)
	at org.apache.maven.DefaultMaven.doExecute(DefaultMaven.java:319)
	at org.apache.maven.DefaultMaven.execute(DefaultMaven.java:156)
	at org.apache.maven.cli.MavenCli.execute(MavenCli.java:537)
	at org.apache.maven.cli.MavenCli.doMain(MavenCli.java:196)
	at org.apache.maven.cli.MavenCli.main(MavenCli.java:141)
	at sun.reflect.NativeMethodAccessorImpl.invoke0(Native Method)
	at sun.reflect.NativeMethodAccessorImpl.invoke(NativeMethodAccessorImpl.java:39)
	at sun.reflect.DelegatingMethodAccessorImpl.invoke(DelegatingMethodAccessorImpl.java:25)
	at java.lang.reflect.Method.invoke(Method.java:597)
	at org.codehaus.plexus.classworlds.launcher.Launcher.launchEnhanced(Launcher.java:290)
	at org.codehaus.plexus.classworlds.launcher.Launcher.launch(Launcher.java:230)
	at org.codehaus.plexus.classworlds.launcher.Launcher.mainWithExitCode(Launcher.java:409)
	at org.codehaus.plexus.classworlds.launcher.Launcher.main(Launcher.java:352)
============= end nested exception, level (1) ===========
Cleanup action completed
